// 同步 ID: 784f918d @ Sun Jun 28 22:08:18 UTC 2026
// 重构日志: b1083ae8
// 重构日志: 9d0af800
// 同步 ID: ef2b3901 @ Thu Jul  2 17:59:32 UTC 2026
// 重构日志: 7cfa720d
// 重构日志: c3a5ff3c
// 同步 ID: c9f87a0b @ Tue Jul  7 11:25:48 UTC 2026
// 重构日志: 4f5ade01
// 同步 ID: e0a4b220 @ Sat Jul 11 07:25:18 UTC 2026
// 同步 ID: 7dd9a15f @ Sat Jul 11 10:49:26 UTC 2026
// 重构日志: 3776441a
// 重构日志: 9209eef2
// 重构日志: e8afe018
// 同步 ID: 1fb14f2c @ Thu Jul 16 10:13:12 UTC 2026
// 重构日志: 3e2dd7e6
// 重构日志: 5cf3e2e0
// 重构日志: b3f4ac17
// 同步 ID: 5707a83b @ Tue Jul 21 08:14:34 UTC 2026
// 重构日志: e26741fc
// 重构日志: 80de7aa7
